running egg_info
creating build/rover_bringup/rover_bringup.egg-info
writing build/rover_bringup/rover_bringup.egg-info/PKG-INFO
writing dependency_links to build/rover_bringup/rover_bringup.egg-info/dependency_links.txt
writing requirements to build/rover_bringup/rover_bringup.egg-info/requires.txt
writing top-level names to build/rover_bringup/rover_bringup.egg-info/top_level.txt
writing manifest file 'build/rover_bringup/rover_bringup.egg-info/SOURCES.txt'
reading manifest file 'build/rover_bringup/rover_bringup.egg-info/SOURCES.txt'
writing manifest file 'build/rover_bringup/rover_bringup.egg-info/SOURCES.txt'
running build
running build_py
creating /workspaces/isaac_ros-dev/src/rover_bringup/build/rover_bringup/build
creating /workspaces/isaac_ros-dev/src/rover_bringup/build/rover_bringup/build/lib
creating /workspaces/isaac_ros-dev/src/rover_bringup/build/rover_bringup/build/lib/rover_bringup
copying rover_bringup/__init__.py -> /workspaces/isaac_ros-dev/src/rover_bringup/build/rover_bringup/build/lib/rover_bringup
running install
running install_lib
creating /workspaces/isaac_ros-dev/src/rover_bringup/install/rover_bringup/lib/python3.8/site-packages/rover_bringup
copying /workspaces/isaac_ros-dev/src/rover_bringup/build/rover_bringup/build/lib/rover_bringup/__init__.py -> /workspaces/isaac_ros-dev/src/rover_bringup/install/rover_bringup/lib/python3.8/site-packages/rover_bringup
byte-compiling /workspaces/isaac_ros-dev/src/rover_bringup/install/rover_bringup/lib/python3.8/site-packages/rover_bringup/__init__.py to __init__.cpython-38.pyc
running install_data
creating /workspaces/isaac_ros-dev/src/rover_bringup/install/rover_bringup/share/ament_index
creating /workspaces/isaac_ros-dev/src/rover_bringup/install/rover_bringup/share/ament_index/resource_index
creating /workspaces/isaac_ros-dev/src/rover_bringup/install/rover_bringup/share/ament_index/resource_index/packages
copying resource/rover_bringup -> /workspaces/isaac_ros-dev/src/rover_bringup/install/rover_bringup/share/ament_index/resource_index/packages
copying package.xml -> /workspaces/isaac_ros-dev/src/rover_bringup/install/rover_bringup/share/rover_bringup
creating /workspaces/isaac_ros-dev/src/rover_bringup/install/rover_bringup/share/rover_bringup/launch
copying launch/bringup.launch.py -> /workspaces/isaac_ros-dev/src/rover_bringup/install/rover_bringup/share/rover_bringup/launch
copying launch/bringup_nav2.launch.py -> /workspaces/isaac_ros-dev/src/rover_bringup/install/rover_bringup/share/rover_bringup/launch
copying launch/bringup_rviz.launch.py -> /workspaces/isaac_ros-dev/src/rover_bringup/install/rover_bringup/share/rover_bringup/launch
copying launch/bringup_nvblox.launch.py -> /workspaces/isaac_ros-dev/src/rover_bringup/install/rover_bringup/share/rover_bringup/launch
creating /workspaces/isaac_ros-dev/src/rover_bringup/install/rover_bringup/share/rover_bringup/params
copying params/nav2_params.yaml -> /workspaces/isaac_ros-dev/src/rover_bringup/install/rover_bringup/share/rover_bringup/params
copying params/nvblox_params.yaml -> /workspaces/isaac_ros-dev/src/rover_bringup/install/rover_bringup/share/rover_bringup/params
running install_egg_info
Copying build/rover_bringup/rover_bringup.egg-info to /workspaces/isaac_ros-dev/src/rover_bringup/install/rover_bringup/lib/python3.8/site-packages/rover_bringup-0.0.0-py3.8.egg-info
running install_scripts
writing list of installed files to '/workspaces/isaac_ros-dev/src/rover_bringup/build/rover_bringup/install.log'
