[4.594s] Invoking command in '/workspaces/isaac_ros-dev/src/rover_bringup': PYTHONPATH=/workspaces/isaac_ros-dev/src/rover_bringup/build/rover_bringup/prefix_override:/workspaces/isaac_ros-dev/src/rover_bringup/install/rover_bringup/lib/python3.8/site-packages:${PYTHONPATH} /usr/bin/python3 setup.py egg_info --egg-base build/rover_bringup build --build-base /workspaces/isaac_ros-dev/src/rover_bringup/build/rover_bringup/build install --record /workspaces/isaac_ros-dev/src/rover_bringup/build/rover_bringup/install.log --single-version-externally-managed
[6.172s] running egg_info
[6.173s] creating build/rover_bringup/rover_bringup.egg-info
[6.227s] writing build/rover_bringup/rover_bringup.egg-info/PKG-INFO
[6.228s] writing dependency_links to build/rover_bringup/rover_bringup.egg-info/dependency_links.txt
[6.229s] writing requirements to build/rover_bringup/rover_bringup.egg-info/requires.txt
[6.230s] writing top-level names to build/rover_bringup/rover_bringup.egg-info/top_level.txt
[6.230s] writing manifest file 'build/rover_bringup/rover_bringup.egg-info/SOURCES.txt'
[6.337s] reading manifest file 'build/rover_bringup/rover_bringup.egg-info/SOURCES.txt'
[6.340s] writing manifest file 'build/rover_bringup/rover_bringup.egg-info/SOURCES.txt'
[6.340s] running build
[6.341s] running build_py
[6.341s] creating /workspaces/isaac_ros-dev/src/rover_bringup/build/rover_bringup/build
[6.342s] creating /workspaces/isaac_ros-dev/src/rover_bringup/build/rover_bringup/build/lib
[6.342s] creating /workspaces/isaac_ros-dev/src/rover_bringup/build/rover_bringup/build/lib/rover_bringup
[6.343s] copying rover_bringup/__init__.py -> /workspaces/isaac_ros-dev/src/rover_bringup/build/rover_bringup/build/lib/rover_bringup
[6.343s] running install
[6.362s] running install_lib
[6.416s] creating /workspaces/isaac_ros-dev/src/rover_bringup/install/rover_bringup/lib/python3.8/site-packages/rover_bringup
[6.417s] copying /workspaces/isaac_ros-dev/src/rover_bringup/build/rover_bringup/build/lib/rover_bringup/__init__.py -> /workspaces/isaac_ros-dev/src/rover_bringup/install/rover_bringup/lib/python3.8/site-packages/rover_bringup
[6.419s] byte-compiling /workspaces/isaac_ros-dev/src/rover_bringup/install/rover_bringup/lib/python3.8/site-packages/rover_bringup/__init__.py to __init__.cpython-38.pyc
[6.420s] running install_data
[6.500s] creating /workspaces/isaac_ros-dev/src/rover_bringup/install/rover_bringup/share/ament_index
[6.500s] creating /workspaces/isaac_ros-dev/src/rover_bringup/install/rover_bringup/share/ament_index/resource_index
[6.501s] creating /workspaces/isaac_ros-dev/src/rover_bringup/install/rover_bringup/share/ament_index/resource_index/packages
[6.501s] copying resource/rover_bringup -> /workspaces/isaac_ros-dev/src/rover_bringup/install/rover_bringup/share/ament_index/resource_index/packages
[6.502s] copying package.xml -> /workspaces/isaac_ros-dev/src/rover_bringup/install/rover_bringup/share/rover_bringup
[6.502s] creating /workspaces/isaac_ros-dev/src/rover_bringup/install/rover_bringup/share/rover_bringup/launch
[6.502s] copying launch/bringup.launch.py -> /workspaces/isaac_ros-dev/src/rover_bringup/install/rover_bringup/share/rover_bringup/launch
[6.503s] copying launch/bringup_nav2.launch.py -> /workspaces/isaac_ros-dev/src/rover_bringup/install/rover_bringup/share/rover_bringup/launch
[6.503s] copying launch/bringup_rviz.launch.py -> /workspaces/isaac_ros-dev/src/rover_bringup/install/rover_bringup/share/rover_bringup/launch
[6.503s] copying launch/bringup_nvblox.launch.py -> /workspaces/isaac_ros-dev/src/rover_bringup/install/rover_bringup/share/rover_bringup/launch
[6.504s] creating /workspaces/isaac_ros-dev/src/rover_bringup/install/rover_bringup/share/rover_bringup/params
[6.504s] copying params/nav2_params.yaml -> /workspaces/isaac_ros-dev/src/rover_bringup/install/rover_bringup/share/rover_bringup/params
[6.505s] copying params/nvblox_params.yaml -> /workspaces/isaac_ros-dev/src/rover_bringup/install/rover_bringup/share/rover_bringup/params
[6.505s] running install_egg_info
[6.563s] Copying build/rover_bringup/rover_bringup.egg-info to /workspaces/isaac_ros-dev/src/rover_bringup/install/rover_bringup/lib/python3.8/site-packages/rover_bringup-0.0.0-py3.8.egg-info
[6.566s] running install_scripts
[6.783s] writing list of installed files to '/workspaces/isaac_ros-dev/src/rover_bringup/build/rover_bringup/install.log'
[6.906s] Invoked command in '/workspaces/isaac_ros-dev/src/rover_bringup' returned '0': PYTHONPATH=/workspaces/isaac_ros-dev/src/rover_bringup/build/rover_bringup/prefix_override:/workspaces/isaac_ros-dev/src/rover_bringup/install/rover_bringup/lib/python3.8/site-packages:${PYTHONPATH} /usr/bin/python3 setup.py egg_info --egg-base build/rover_bringup build --build-base /workspaces/isaac_ros-dev/src/rover_bringup/build/rover_bringup/build install --record /workspaces/isaac_ros-dev/src/rover_bringup/build/rover_bringup/install.log --single-version-externally-managed
