[8.189s] DEBUG:colcon:Command line arguments: ['/usr/bin/colcon', 'build', '--packages-select', 'rover_bringup']
[8.189s] DEBUG:colcon:Parsed command line arguments: Namespace(allow_overriding=[], ament_cmake_args=None, base_paths=['.'], build_base='build', catkin_cmake_args=None, catkin_skip_building_tests=False, cmake_args=None, cmake_clean_cache=False, cmake_clean_first=False, cmake_force_configure=False, cmake_target=None, cmake_target_skip_unavailable=False, continue_on_error=False, event_handlers=None, executor='parallel', ignore_user_meta=False, install_base='install', log_base=None, log_level=None, main=<bound method BuildVerb.main of <colcon_core.verb.build.BuildVerb object at 0xffffa9e32820>>, merge_install=False, metas=['./colcon.meta'], packages_above=None, packages_above_and_dependencies=None, packages_above_depth=None, packages_end=None, packages_ignore=None, packages_ignore_regex=None, packages_select=['rover_bringup'], packages_select_build_failed=False, packages_select_by_dep=None, packages_select_regex=None, packages_select_test_failures=False, packages_skip=None, packages_skip_build_finished=False, packages_skip_by_dep=None, packages_skip_regex=None, packages_skip_test_passed=False, packages_skip_up_to=None, packages_start=None, packages_up_to=None, packages_up_to_regex=None, parallel_workers=8, paths=None, symlink_install=False, test_result_base=None, verb_extension=<colcon_core.verb.build.BuildVerb object at 0xffffa9e32820>, verb_name='build', verb_parser=<colcon_defaults.argument_parser.defaults.DefaultArgumentsDecorator object at 0xffffa9791e20>)
[8.569s] Level 1:colcon.colcon_core.package_discovery:discover_packages(colcon_meta) check parameters
[8.569s] Level 1:colcon.colcon_core.package_discovery:discover_packages(recursive) check parameters
[8.569s] Level 1:colcon.colcon_core.package_discovery:discover_packages(ignore) check parameters
[8.569s] Level 1:colcon.colcon_core.package_discovery:discover_packages(path) check parameters
[8.569s] Level 1:colcon.colcon_core.package_discovery:discover_packages(colcon_meta) discover
[8.570s] Level 1:colcon.colcon_core.package_discovery:discover_packages(recursive) discover
[8.570s] INFO:colcon.colcon_core.package_discovery:Crawling recursively for packages in '/workspaces/isaac_ros-dev/src/rover_bringup/launch'
[8.570s] Level 1:colcon.colcon_core.package_identification:_identify(.) by extensions ['ignore', 'ignore_ament_install']
[8.571s] Level 1:colcon.colcon_core.package_identification:_identify(.) by extension 'ignore'
[8.571s] Level 1:colcon.colcon_core.package_identification:_identify(.) by extension 'ignore_ament_install'
[8.571s] Level 1:colcon.colcon_core.package_identification:_identify(.) by extensions ['colcon_pkg']
[8.571s] Level 1:colcon.colcon_core.package_identification:_identify(.) by extension 'colcon_pkg'
[8.572s] Level 1:colcon.colcon_core.package_identification:_identify(.) by extensions ['colcon_meta']
[8.572s] Level 1:colcon.colcon_core.package_identification:_identify(.) by extension 'colcon_meta'
[8.572s] Level 1:colcon.colcon_core.package_identification:_identify(.) by extensions ['ros']
[8.572s] Level 1:colcon.colcon_core.package_identification:_identify(.) by extension 'ros'
[8.618s] Level 1:colcon.colcon_core.package_identification:_identify(.) by extensions ['cmake', 'python']
[8.619s] Level 1:colcon.colcon_core.package_identification:_identify(.) by extension 'cmake'
[8.619s] Level 1:colcon.colcon_core.package_identification:_identify(.) by extension 'python'
[8.619s] Level 1:colcon.colcon_core.package_identification:_identify(.) by extensions ['python_setup_py']
[8.619s] Level 1:colcon.colcon_core.package_identification:_identify(.) by extension 'python_setup_py'
[8.620s] Level 1:colcon.colcon_core.package_identification:_identify(build) by extensions ['ignore', 'ignore_ament_install']
[8.620s] Level 1:colcon.colcon_core.package_identification:_identify(build) by extension 'ignore'
[8.620s] Level 1:colcon.colcon_core.package_identification:_identify(build) ignored
[8.621s] Level 1:colcon.colcon_core.package_identification:_identify(install) by extensions ['ignore', 'ignore_ament_install']
[8.621s] Level 1:colcon.colcon_core.package_identification:_identify(install) by extension 'ignore'
[8.621s] Level 1:colcon.colcon_core.package_identification:_identify(install) ignored
[8.621s] Level 1:colcon.colcon_core.package_identification:_identify(log) by extensions ['ignore', 'ignore_ament_install']
[8.622s] Level 1:colcon.colcon_core.package_identification:_identify(log) by extension 'ignore'
[8.622s] Level 1:colcon.colcon_core.package_identification:_identify(log) ignored
[8.622s] Level 1:colcon.colcon_core.package_discovery:discover_packages(recursive) using defaults
[8.622s] Level 1:colcon.colcon_core.package_discovery:discover_packages(ignore) discover
[8.622s] Level 1:colcon.colcon_core.package_discovery:discover_packages(ignore) using defaults
[8.622s] Level 1:colcon.colcon_core.package_discovery:discover_packages(path) discover
[8.622s] Level 1:colcon.colcon_core.package_discovery:discover_packages(path) using defaults
[8.672s] WARNING:colcon.colcon_core.package_selection:ignoring unknown package 'rover_bringup' in --packages-select
[8.928s] Level 1:colcon.colcon_core.package_discovery:discover_packages(prefix_path) check parameters
[8.929s] Level 1:colcon.colcon_core.package_discovery:discover_packages(prefix_path) discover
[9.056s] DEBUG:colcon.colcon_installed_package_information.package_discovery:Found 71 installed packages in /workspaces/isaac_ros-dev/install
[9.111s] DEBUG:colcon.colcon_installed_package_information.package_discovery:Found 289 installed packages in /opt/ros/humble
[9.117s] Level 1:colcon.colcon_core.package_discovery:discover_packages(prefix_path) using defaults
[9.527s] INFO:colcon.colcon_core.executor:Executing jobs using 'parallel' executor
[9.578s] DEBUG:colcon.colcon_parallel_executor.executor.parallel:run_until_complete
[9.578s] DEBUG:colcon.colcon_parallel_executor.executor.parallel:closing loop
[9.579s] DEBUG:colcon.colcon_parallel_executor.executor.parallel:loop closed
[9.580s] DEBUG:colcon.colcon_parallel_executor.executor.parallel:run_until_complete finished with '0'
[9.580s] DEBUG:colcon.colcon_core.event_reactor:joining thread
[9.654s] INFO:colcon.colcon_core.plugin_system:Skipping extension 'colcon_notification.desktop_notification.notify_send': Could not find 'notify-send'
[9.655s] INFO:colcon.colcon_core.plugin_system:Skipping extension 'colcon_notification.desktop_notification.terminal_notifier': Not used on non-Darwin systems
[9.655s] INFO:colcon.colcon_core.plugin_system:Skipping extension 'colcon_notification.desktop_notification.win32': Not used on non-Windows systems
[9.655s] INFO:colcon.colcon_notification.desktop_notification:Sending desktop notification using 'notify2'
[9.691s] DEBUG:colcon.colcon_notification.desktop_notification.notify2:Failed to initialize notify2: org.freedesktop.DBus.Error.ServiceUnknown: The name org.freedesktop.Notifications was not provided by any .service files
[9.693s] DEBUG:colcon.colcon_core.event_reactor:joined thread
[9.763s] INFO:colcon.colcon_core.plugin_system:Skipping extension 'colcon_core.shell.bat': Not used on non-Windows systems
[9.764s] INFO:colcon.colcon_core.shell:Creating prefix script '/workspaces/isaac_ros-dev/src/rover_bringup/launch/install/local_setup.ps1'
[9.769s] INFO:colcon.colcon_core.shell:Creating prefix util module '/workspaces/isaac_ros-dev/src/rover_bringup/launch/install/_local_setup_util_ps1.py'
[9.773s] INFO:colcon.colcon_core.shell:Creating prefix chain script '/workspaces/isaac_ros-dev/src/rover_bringup/launch/install/setup.ps1'
[9.841s] INFO:colcon.colcon_core.shell:Creating prefix script '/workspaces/isaac_ros-dev/src/rover_bringup/launch/install/local_setup.sh'
[9.843s] INFO:colcon.colcon_core.shell:Creating prefix util module '/workspaces/isaac_ros-dev/src/rover_bringup/launch/install/_local_setup_util_sh.py'
[9.845s] INFO:colcon.colcon_core.shell:Creating prefix chain script '/workspaces/isaac_ros-dev/src/rover_bringup/launch/install/setup.sh'
[9.910s] INFO:colcon.colcon_core.shell:Creating prefix script '/workspaces/isaac_ros-dev/src/rover_bringup/launch/install/local_setup.bash'
[9.912s] INFO:colcon.colcon_core.shell:Creating prefix chain script '/workspaces/isaac_ros-dev/src/rover_bringup/launch/install/setup.bash'
[9.977s] INFO:colcon.colcon_core.shell:Creating prefix script '/workspaces/isaac_ros-dev/src/rover_bringup/launch/install/local_setup.zsh'
[9.979s] INFO:colcon.colcon_core.shell:Creating prefix chain script '/workspaces/isaac_ros-dev/src/rover_bringup/launch/install/setup.zsh'
